<?xml version="1.0" encoding="UTF-8"?>
<testsuite xmlns:xsi="http://www.w3.org/2001/XMLSchema-instance" xsi:noNamespaceSchemaLocation="https://maven.apache.org/surefire/maven-surefire-plugin/xsd/surefire-test-report-3.0.xsd" version="3.0" name="local.tin.tests.jpa.workshop.dao.impl.ProductDAOFactoryTest" time="0.927" tests="1" errors="0" skipped="0" failures="0">
  <properties>
    <property name="awt.toolkit" value="sun.awt.X11.XToolkit"/>
    <property name="file.encoding.pkg" value="sun.io"/>
    <property name="java.specification.version" value="1.8"/>
    <property name="sun.cpu.isalist" value=""/>
    <property name="sun.jnu.encoding" value="UTF-8"/>
    <property name="java.class.path" value="/home/benitodarder/Development/java/maven/eclipselink-workshop/jpa-workshop-products/jpa-workshop-products-dao-implementation/target/test-classes:/home/benitodarder/Development/java/maven/eclipselink-workshop/jpa-workshop-products/jpa-workshop-products-dao-implementation/target/classes:/home/benitodarder/.m2/repository/javax/persistence/persistence-api/1.0.2/persistence-api-1.0.2.jar:/home/benitodarder/.m2/repository/log4j/log4j/1.2.17/log4j-1.2.17.jar:/home/benitodarder/.m2/repository/junit/junit/4.12/junit-4.12.jar:/home/benitodarder/.m2/repository/org/hamcrest/hamcrest-core/1.3/hamcrest-core-1.3.jar:/home/benitodarder/.m2/repository/org/powermock/powermock-module-junit4/1.7.3/powermock-module-junit4-1.7.3.jar:/home/benitodarder/.m2/repository/org/powermock/powermock-module-junit4-common/1.7.3/powermock-module-junit4-common-1.7.3.jar:/home/benitodarder/.m2/repository/org/mockito/mockito-core/1.10.19/mockito-core-1.10.19.jar:/home/benitodarder/.m2/repository/org/objenesis/objenesis/2.1/objenesis-2.1.jar:/home/benitodarder/.m2/repository/org/powermock/powermock-api-mockito/1.7.3/powermock-api-mockito-1.7.3.jar:/home/benitodarder/.m2/repository/org/powermock/powermock-api-mockito-common/1.7.3/powermock-api-mockito-common-1.7.3.jar:/home/benitodarder/.m2/repository/org/powermock/powermock-api-support/1.7.3/powermock-api-support-1.7.3.jar:/home/benitodarder/.m2/repository/org/powermock/powermock-core/1.7.3/powermock-core-1.7.3.jar:/home/benitodarder/.m2/repository/org/javassist/javassist/3.21.0-GA/javassist-3.21.0-GA.jar:/home/benitodarder/Development/java/maven/eclipselink-workshop/jpa-workshop-commons/jpa-workshop-commons-models/jpa-workshop-commons-model-data/target/jpa-workshop-commons-model-data-1.0-SNAPSHOT.jar:/home/benitodarder/Development/java/maven/eclipselink-workshop/jpa-workshop-commons/jpa-workshop-commons-models/jpa-workshop-commons-model-domain/target/jpa-workshop-commons-model-domain-1.0-SNAPSHOT.jar:/home/benitodarder/.m2/repository/org/codehaus/sonar-plugins/java/sonar-jacoco-listeners/1.4/sonar-jacoco-listeners-1.4.jar:/home/benitodarder/Development/java/maven/eclipselink-workshop/jpa-workshop-products/jpa-workshop-products-model-data/target/jpa-workshop-products-model-data-1.0-SNAPSHOT.jar:/home/benitodarder/Development/java/maven/eclipselink-workshop/jpa-workshop-products/jpa-workshop-products-model-domain/target/jpa-workshop-products-model-domain-1.0-SNAPSHOT.jar:/home/benitodarder/.m2/repository/org/codehaus/jackson/jackson-core-asl/1.6.3/jackson-core-asl-1.6.3.jar:/home/benitodarder/.m2/repository/org/codehaus/jackson/jackson-jaxrs/1.6.3/jackson-jaxrs-1.6.3.jar:/home/benitodarder/.m2/repository/org/codehaus/jackson/jackson-mapper-asl/1.6.3/jackson-mapper-asl-1.6.3.jar:/home/benitodarder/.m2/repository/org/powermock/powermock-reflect/1.7.3/powermock-reflect-1.7.3.jar:/home/benitodarder/Development/java/maven/eclipselink-workshop/jpa-workshop-commons/jpa-workshop-commons-core/target/jpa-workshop-commons-core-1.0-SNAPSHOT.jar:/home/benitodarder/Development/java/maven/eclipselink-workshop/jpa-workshop-commons/jpa-workshop-commons-dao/target/jpa-workshop-commons-dao-1.0-SNAPSHOT.jar:"/>
    <property name="java.vm.vendor" value="Oracle Corporation"/>
    <property name="sun.arch.data.model" value="64"/>
    <property name="java.vendor.url" value="http://java.oracle.com/"/>
    <property name="user.timezone" value=""/>
    <property name="java.vm.specification.version" value="1.8"/>
    <property name="os.name" value="Linux"/>
    <property name="sun.java.launcher" value="SUN_STANDARD"/>
    <property name="user.country" value="US"/>
    <property name="sun.boot.library.path" value="/opt/java/jdk1.8.0_172/jre/lib/amd64"/>
    <property name="sun.java.command" value="/home/benitodarder/Development/java/maven/eclipselink-workshop/jpa-workshop-products/jpa-workshop-products-dao-implementation/target/surefire/surefirebooter3324046203273041227.jar /home/benitodarder/Development/java/maven/eclipselink-workshop/jpa-workshop-products/jpa-workshop-products-dao-implementation/target/surefire 2020-08-22T19-19-28_055-jvmRun1 surefire2202770134971463571tmp surefire_26433455856326701675tmp"/>
    <property name="surefire.test.class.path" value="/home/benitodarder/Development/java/maven/eclipselink-workshop/jpa-workshop-products/jpa-workshop-products-dao-implementation/target/test-classes:/home/benitodarder/Development/java/maven/eclipselink-workshop/jpa-workshop-products/jpa-workshop-products-dao-implementation/target/classes:/home/benitodarder/.m2/repository/javax/persistence/persistence-api/1.0.2/persistence-api-1.0.2.jar:/home/benitodarder/.m2/repository/log4j/log4j/1.2.17/log4j-1.2.17.jar:/home/benitodarder/.m2/repository/junit/junit/4.12/junit-4.12.jar:/home/benitodarder/.m2/repository/org/hamcrest/hamcrest-core/1.3/hamcrest-core-1.3.jar:/home/benitodarder/.m2/repository/org/powermock/powermock-module-junit4/1.7.3/powermock-module-junit4-1.7.3.jar:/home/benitodarder/.m2/repository/org/powermock/powermock-module-junit4-common/1.7.3/powermock-module-junit4-common-1.7.3.jar:/home/benitodarder/.m2/repository/org/mockito/mockito-core/1.10.19/mockito-core-1.10.19.jar:/home/benitodarder/.m2/repository/org/objenesis/objenesis/2.1/objenesis-2.1.jar:/home/benitodarder/.m2/repository/org/powermock/powermock-api-mockito/1.7.3/powermock-api-mockito-1.7.3.jar:/home/benitodarder/.m2/repository/org/powermock/powermock-api-mockito-common/1.7.3/powermock-api-mockito-common-1.7.3.jar:/home/benitodarder/.m2/repository/org/powermock/powermock-api-support/1.7.3/powermock-api-support-1.7.3.jar:/home/benitodarder/.m2/repository/org/powermock/powermock-core/1.7.3/powermock-core-1.7.3.jar:/home/benitodarder/.m2/repository/org/javassist/javassist/3.21.0-GA/javassist-3.21.0-GA.jar:/home/benitodarder/Development/java/maven/eclipselink-workshop/jpa-workshop-commons/jpa-workshop-commons-models/jpa-workshop-commons-model-data/target/jpa-workshop-commons-model-data-1.0-SNAPSHOT.jar:/home/benitodarder/Development/java/maven/eclipselink-workshop/jpa-workshop-commons/jpa-workshop-commons-models/jpa-workshop-commons-model-domain/target/jpa-workshop-commons-model-domain-1.0-SNAPSHOT.jar:/home/benitodarder/.m2/repository/org/codehaus/sonar-plugins/java/sonar-jacoco-listeners/1.4/sonar-jacoco-listeners-1.4.jar:/home/benitodarder/Development/java/maven/eclipselink-workshop/jpa-workshop-products/jpa-workshop-products-model-data/target/jpa-workshop-products-model-data-1.0-SNAPSHOT.jar:/home/benitodarder/Development/java/maven/eclipselink-workshop/jpa-workshop-products/jpa-workshop-products-model-domain/target/jpa-workshop-products-model-domain-1.0-SNAPSHOT.jar:/home/benitodarder/.m2/repository/org/codehaus/jackson/jackson-core-asl/1.6.3/jackson-core-asl-1.6.3.jar:/home/benitodarder/.m2/repository/org/codehaus/jackson/jackson-jaxrs/1.6.3/jackson-jaxrs-1.6.3.jar:/home/benitodarder/.m2/repository/org/codehaus/jackson/jackson-mapper-asl/1.6.3/jackson-mapper-asl-1.6.3.jar:/home/benitodarder/.m2/repository/org/powermock/powermock-reflect/1.7.3/powermock-reflect-1.7.3.jar:/home/benitodarder/Development/java/maven/eclipselink-workshop/jpa-workshop-commons/jpa-workshop-commons-core/target/jpa-workshop-commons-core-1.0-SNAPSHOT.jar:/home/benitodarder/Development/java/maven/eclipselink-workshop/jpa-workshop-commons/jpa-workshop-commons-dao/target/jpa-workshop-commons-dao-1.0-SNAPSHOT.jar:"/>
    <property name="sun.cpu.endian" value="little"/>
    <property name="user.home" value="/home/benitodarder"/>
    <property name="user.language" value="en"/>
    <property name="java.specification.vendor" value="Oracle Corporation"/>
    <property name="java.home" value="/opt/java/jdk1.8.0_172/jre"/>
    <property name="basedir" value="/home/benitodarder/Development/java/maven/eclipselink-workshop/jpa-workshop-products/jpa-workshop-products-dao-implementation"/>
    <property name="file.separator" value="/"/>
    <property name="line.separator" value="&#10;"/>
    <property name="java.vm.specification.vendor" value="Oracle Corporation"/>
    <property name="java.specification.name" value="Java Platform API Specification"/>
    <property name="java.awt.graphicsenv" value="sun.awt.X11GraphicsEnvironment"/>
    <property name="surefire.real.class.path" value="/home/benitodarder/Development/java/maven/eclipselink-workshop/jpa-workshop-products/jpa-workshop-products-dao-implementation/target/surefire/surefirebooter3324046203273041227.jar:/home/benitodarder/.m2/repository/org/jacoco/org.jacoco.agent/0.7.8/org.jacoco.agent-0.7.8-runtime.jar"/>
    <property name="sun.boot.class.path" value="/opt/java/jdk1.8.0_172/jre/lib/resources.jar:/opt/java/jdk1.8.0_172/jre/lib/rt.jar:/opt/java/jdk1.8.0_172/jre/lib/sunrsasign.jar:/opt/java/jdk1.8.0_172/jre/lib/jsse.jar:/opt/java/jdk1.8.0_172/jre/lib/jce.jar:/opt/java/jdk1.8.0_172/jre/lib/charsets.jar:/opt/java/jdk1.8.0_172/jre/lib/jfr.jar:/opt/java/jdk1.8.0_172/jre/classes"/>
    <property name="sun.management.compiler" value="HotSpot 64-Bit Tiered Compilers"/>
    <property name="java.runtime.version" value="1.8.0_172-b11"/>
    <property name="user.name" value="benitodarder"/>
    <property name="path.separator" value=":"/>
    <property name="os.version" value="5.4.0-42-generic"/>
    <property name="java.endorsed.dirs" value="/opt/java/jdk1.8.0_172/jre/lib/endorsed"/>
    <property name="java.runtime.name" value="Java(TM) SE Runtime Environment"/>
    <property name="file.encoding" value="UTF-8"/>
    <property name="java.vm.name" value="Java HotSpot(TM) 64-Bit Server VM"/>
    <property name="maven.ext.class.path" value="/opt/netbeans/netbeans-8.2/java/maven-nblib/netbeans-eventspy.jar"/>
    <property name="localRepository" value="/home/benitodarder/.m2/repository"/>
    <property name="java.vendor.url.bug" value="http://bugreport.sun.com/bugreport/"/>
    <property name="java.io.tmpdir" value="/tmp"/>
    <property name="java.version" value="1.8.0_172"/>
    <property name="user.dir" value="/home/benitodarder/Development/java/maven/eclipselink-workshop/jpa-workshop-products/jpa-workshop-products-dao-implementation"/>
    <property name="os.arch" value="amd64"/>
    <property name="java.vm.specification.name" value="Java Virtual Machine Specification"/>
    <property name="java.awt.printerjob" value="sun.print.PSPrinterJob"/>
    <property name="sun.os.patch.level" value="unknown"/>
    <property name="java.library.path" value="/opt/java/jdk1.8.0_172/jre/lib/amd64:/opt/java/jdk1.8.0_172/jre/lib/i386::/usr/java/packages/lib/amd64:/usr/lib64:/lib64:/lib:/usr/lib"/>
    <property name="java.vm.info" value="mixed mode"/>
    <property name="java.vendor" value="Oracle Corporation"/>
    <property name="java.vm.version" value="25.172-b11"/>
    <property name="java.ext.dirs" value="/opt/java/jdk1.8.0_172/jre/lib/ext:/usr/java/packages/lib/ext"/>
    <property name="sun.io.unicode.encoding" value="UnicodeLittle"/>
    <property name="java.class.version" value="52.0"/>
  </properties>
  <testcase name="getInstance_initializes_entitymanagerfactory" classname="local.tin.tests.jpa.workshop.dao.impl.ProductDAOFactoryTest" time="0.619"/>
</testsuite>